<?xml version="1.0" encoding="UTF-8"?>
<coverage generated="1745517328626" clover="3.2.0">
  <project timestamp="1745517328626" name="All files">
    <metrics statements="19" coveredstatements="19" conditionals="9" coveredconditionals="8" methods="2" coveredmethods="2" elements="30" coveredelements="29" complexity="0" loc="19" ncloc="19" packages="1" files="1" classes="1"/>
    <file name="index.ts" path="/Users/arpitagarwal/Documents/contactmanager/sdk/nodejs/src/index.ts">
      <metrics statements="19" coveredstatements="19" conditionals="9" coveredconditionals="8" methods="2" coveredmethods="2"/>
      <line num="1" count="1" type="stmt"/>
      <line num="42" count="1" type="stmt"/>
      <line num="46" count="5" type="stmt"/>
      <line num="54" count="5" type="stmt"/>
      <line num="55" count="5" type="stmt"/>
      <line num="56" count="5" type="stmt"/>
      <line num="59" count="5" type="cond" truecount="4" falsecount="0"/>
      <line num="60" count="3" type="stmt"/>
      <line num="71" count="5" type="cond" truecount="2" falsecount="0"/>
      <line num="73" count="5" type="cond" truecount="1" falsecount="0"/>
      <line num="74" count="1" type="stmt"/>
      <line num="77" count="4" type="stmt"/>
      <line num="78" count="4" type="stmt"/>
      <line num="80" count="4" type="stmt"/>
      <line num="89" count="4" type="stmt"/>
      <line num="90" count="4" type="stmt"/>
      <line num="92" count="3" type="stmt"/>
      <line num="97" count="1" type="cond" truecount="1" falsecount="1"/>
      <line num="103" count="1" type="stmt"/>
    </file>
  </project>
</coverage>
