{"/Users/arpitagarwal/Documents/contactmanager/sdk/nodejs/src/index.ts": {"path":"/Users/arpitagarwal/Documents/contactmanager/sdk/nodejs/src/index.ts","statementMap":{"0":{"start":{"line":1,"column":0},"end":{"line":1,"column":31}},"1":{"start":{"line":46,"column":10},"end":{"line":46,"column":51}},"2":{"start":{"line":54,"column":4},"end":{"line":54,"column":32}},"3":{"start":{"line":55,"column":4},"end":{"line":55,"column":38}},"4":{"start":{"line":56,"column":4},"end":{"line":56,"column":30}},"5":{"start":{"line":59,"column":4},"end":{"line":61,"column":null}},"6":{"start":{"line":60,"column":6},"end":{"line":60,"column":99}},"7":{"start":{"line":71,"column":91},"end":{"line":71,"column":97}},"8":{"start":{"line":73,"column":4},"end":{"line":75,"column":null}},"9":{"start":{"line":74,"column":6},"end":{"line":74,"column":44}},"10":{"start":{"line":77,"column":16},"end":{"line":77,"column":45}},"11":{"start":{"line":78,"column":22},"end":{"line":78,"column":45}},"12":{"start":{"line":80,"column":20},"end":{"line":87,"column":6}},"13":{"start":{"line":89,"column":4},"end":{"line":98,"column":null}},"14":{"start":{"line":90,"column":20},"end":{"line":90,"column":53}},"15":{"start":{"line":92,"column":6},"end":{"line":95,"column":8}},"16":{"start":{"line":97,"column":6},"end":{"line":97,"column":109}},"17":{"start":{"line":42,"column":0},"end":{"line":42,"column":13}},"18":{"start":{"line":103,"column":0},"end":{"line":103,"column":37}}},"fnMap":{"0":{"name":"(anonymous_1)","decl":{"start":{"line":53,"column":2},"end":{"line":53,"column":14}},"loc":{"start":{"line":53,"column":43},"end":{"line":62,"column":3}}},"1":{"name":"(anonymous_2)","decl":{"start":{"line":70,"column":9},"end":{"line":70,"column":14}},"loc":{"start":{"line":70,"column":48},"end":{"line":99,"column":3}}}},"branchMap":{"0":{"loc":{"start":{"line":59,"column":4},"end":{"line":61,"column":null}},"type":"if","locations":[{"start":{"line":59,"column":4},"end":{"line":61,"column":null}}]},"1":{"loc":{"start":{"line":59,"column":8},"end":{"line":59,"column":54}},"type":"binary-expr","locations":[{"start":{"line":59,"column":8},"end":{"line":59,"column":20}},{"start":{"line":59,"column":24},"end":{"line":59,"column":39}},{"start":{"line":59,"column":43},"end":{"line":59,"column":54}}]},"2":{"loc":{"start":{"line":71,"column":20},"end":{"line":71,"column":35}},"type":"default-arg","locations":[{"start":{"line":71,"column":33},"end":{"line":71,"column":35}}]},"3":{"loc":{"start":{"line":71,"column":37},"end":{"line":71,"column":86}},"type":"default-arg","locations":[{"start":{"line":71,"column":57},"end":{"line":71,"column":86}}]},"4":{"loc":{"start":{"line":73,"column":4},"end":{"line":75,"column":null}},"type":"if","locations":[{"start":{"line":73,"column":4},"end":{"line":75,"column":null}}]},"5":{"loc":{"start":{"line":97,"column":51},"end":{"line":97,"column":105}},"type":"cond-expr","locations":[{"start":{"line":97,"column":76},"end":{"line":97,"column":89}},{"start":{"line":97,"column":92},"end":{"line":97,"column":105}}]}},"s":{"0":1,"1":5,"2":5,"3":5,"4":5,"5":5,"6":3,"7":5,"8":5,"9":1,"10":4,"11":4,"12":4,"13":4,"14":4,"15":3,"16":1,"17":1,"18":1},"f":{"0":5,"1":5},"b":{"0":[3],"1":[5,4,3],"2":[4],"3":[4],"4":[1],"5":[1,0]}}
}
